<?xml version="1.0" encoding="UTF-8"?>
<!-- Generated by org.testng.reporters.JUnitXMLReporter -->
<testsuite ignored="1" hostname="DESKTOP-ETTPGLD" failures="0" tests="1" name="Default test" time="23.755" errors="0" timestamp="2022-08-22T22:37:51 IST">
  <testcase classname="testNG_15082022.TestNG_Prt7_RediffMail_Test_22082022" name="validateMonitors" time="8.423"/>
  <testcase classname="testNG_15082022.TestNG_Prt7_RediffMail_Test_22082022" name="webpageValidation" time="0.0">
    <ignored/>
  </testcase> <!-- webpageValidation -->
</testsuite> <!-- Default test -->
