<?xml version="1.0" encoding="UTF-8"?>
<!-- Generated by org.testng.reporters.JUnitReportReporter -->
<testsuite hostname="DESKTOP-ETTPGLD" failures="0" tests="8" name="testNG_15082022.TestNG_Prt4_XMLFile_Annotation_19082022" time="65.108" errors="0" timestamp="2022-08-20T00:55:50 IST" skipped="0">
  <testcase classname="testNG_15082022.TestNG_Prt4_XMLFile_Annotation_19082022" name="checkPhoneInStock" time="3.676"/>
  <system-out>
    <![CDATA[---Total phones in Stock are : 9]]>
  </system-out>
  <testcase classname="testNG_15082022.TestNG_Prt4_XMLFile_Annotation_19082022" name="checkLaptopsInStock" time="6.476"/>
  <system-out>
    <![CDATA[---Total laptops in stock are :6
Sony vaio i5
$790
Sony is so confident that the VAIO S is a superior ultraportable laptop that the company proudly compares the notebook to Apple's 13-inch MacBook Pro. And in a lot of ways this notebook is better, thanks to a lighter weight.
Sony vaio i7
$790
REVIEW Sony is so confident that the VAIO S is a superior ultraportable laptop that the company proudly compares the notebook to Apple's 13-inch MacBook Pro. And in a lot of ways this notebook is better, thanks to a lighter weight, higher-resolution display, more storage space, and a Blu-ray drive.
MacBook air
$700
1.6GHz dual-core Intel Core i5 (Turbo Boost up to 2.7GHz) with 3MB shared L3 cache Configurable to 2.2GHz dual-core Intel Core i7 (Turbo Boost up to 3.2GHz) with 4MB shared L3 cache.
Dell i7 8gb
$700
6th Generation Intel Core i7-6500U Dual-Core Processor 2.5 GHz (max boost speed up to 3.1GHz) 4MB L3 Cache, 8GB DDR4 1600 MHz, 1TB 5400 RPM HDD15.6 in Full HD LED-backlit touchscreen with Truelife (1920 x 1080), 10-finger multi-touch support, Intel HD Graphics 520 with shared graphics memory
2017 Dell 15.6 Inch
$700
7th Gen Intel Core i7-7500U mobile processor 2.70 GHz with Turbo Boost Technology up to 3.50 GHz, Intel HD Graphics 62015.6 inch Full HD IPS TrueLife LED-backlit touchscreen (1920 x 1080), 10-finger multi-touch support, 360° flip-and-fold design,8GB DDR4 2400 MHz Memory, 1TB 5400 RPM HDD, No optical drive, 3 in 1 card reader (SD SDHC SDXC)
MacBook Pro
$1100
Apple has introduced three new versions of its MacBook Pro line, including a 13-inch and 15-inch model with the Touch Bar, a thin, multi-touch strip display that sits above the MacBook Pro's keyboard.]]>
  </system-out>
  <testcase classname="testNG_15082022.TestNG_Prt4_XMLFile_Annotation_19082022" name="checkMonitorsInStock" time="6.615"/>
  <system-out>
    <![CDATA[---Total Monitors in Stock are: 2
Apple monitor 24
$400
LED Cinema Display features a 27-inch glossy LED-backlit TFT active-matrix LCD display with IPS technology and an optimum resolution of 2560x1440. It has a 178 degree horizontal and vertical viewing angle, a "typical" brightness of 375 cd/m2, contrast ratio of 1000:1, and a 12 ms response time.
ASUS Full HD
$230
ASUS VS247H-P 23.6- Inch Full HD]]>
  </system-out>
  <testcase classname="testNG_15082022.TestNG_Prt4_XMLFile_Annotation_19082022" name="checkContactMenu" time="10.472"/>
  <system-out>
    <![CDATA[---Contact menu successfully verified: ---Thanks for the message!!]]>
  </system-out>
  <testcase classname="testNG_15082022.TestNG_Prt4_XMLFile_Annotation_19082022" name="addPhoneToCart" time="7.548"/>
  <system-out>
    <![CDATA[-------Item added in Cart------]]>
  </system-out>
  <testcase classname="testNG_15082022.TestNG_Prt4_XMLFile_Annotation_19082022" name="checkCartItems" time="8.961"/>
  <system-out>
    <![CDATA[Item Added-------Webtable  Printed--------------]]>
  </system-out>
  <testcase classname="testNG_15082022.TestNG_Prt4_XMLFile_Annotation_19082022" name="placeOrder" time="15.399"/>
  <system-out>
    <![CDATA[------Order Placed Successfully---------]]>
  </system-out>
  <testcase classname="testNG_15082022.TestNG_Prt4_XMLFile_Annotation_19082022" name="verifyAboutUsPage" time="5.961"/>
  <system-out>
    <![CDATA[-----About us video plugin works fine----]]>
  </system-out>
</testsuite> <!-- testNG_15082022.TestNG_Prt4_XMLFile_Annotation_19082022 -->
