<?xml version="1.0" encoding="UTF-8"?>
<testng-results ignored="1" total="2" passed="1" failed="0" skipped="0">
  <reporter-output>
  </reporter-output>
  <suite started-at="2022-08-22T22:37:27 IST" name="Default suite" finished-at="2022-08-22T22:37:50 IST" duration-ms="23755">
    <groups>
    </groups>
    <test started-at="2022-08-22T22:37:27 IST" name="Default test" finished-at="2022-08-22T22:37:50 IST" duration-ms="23755">
      <class name="testNG_15082022.TestNG_Prt7_RediffMail_Test_22082022">
        <test-method is-config="true" signature="startBrowser()[pri:0, instance:testNG_15082022.TestNG_Prt7_RediffMail_Test_22082022@c33b74f]" started-at="2022-08-22T22:37:22 IST" name="startBrowser" finished-at="2022-08-22T22:37:27 IST" duration-ms="4147" status="PASS">
          <reporter-output>
          </reporter-output>
        </test-method> <!-- startBrowser -->
        <test-method is-config="true" signature="launchURL()[pri:0, instance:testNG_15082022.TestNG_Prt7_RediffMail_Test_22082022@c33b74f]" started-at="2022-08-22T22:37:27 IST" name="launchURL" finished-at="2022-08-22T22:37:42 IST" duration-ms="15063" status="PASS">
          <reporter-output>
          </reporter-output>
        </test-method> <!-- launchURL -->
        <test-method signature="validateMonitors()[pri:0, instance:testNG_15082022.TestNG_Prt7_RediffMail_Test_22082022@c33b74f]" started-at="2022-08-22T22:37:42 IST" name="validateMonitors" finished-at="2022-08-22T22:37:50 IST" duration-ms="8423" status="PASS">
          <reporter-output>
          </reporter-output>
        </test-method> <!-- validateMonitors -->
        <test-method is-config="true" signature="closeBrowser()[pri:0, instance:testNG_15082022.TestNG_Prt7_RediffMail_Test_22082022@c33b74f]" started-at="2022-08-22T22:37:51 IST" name="closeBrowser" finished-at="2022-08-22T22:37:58 IST" duration-ms="6848" status="PASS">
          <reporter-output>
          </reporter-output>
        </test-method> <!-- closeBrowser -->
      </class> <!-- testNG_15082022.TestNG_Prt7_RediffMail_Test_22082022 -->
    </test> <!-- Default test -->
  </suite> <!-- Default suite -->
</testng-results>
