<?xml version="1.0" encoding="UTF-8"?>
<!-- Generated by org.testng.reporters.JUnitXMLReporter -->
<testsuite ignored="1" hostname="DESKTOP-0NGEI12" failures="0" tests="4" name="Test" time="0.106" errors="0" timestamp="2023-01-20T16:54:17 IST">
  <testcase classname="TestNg.TestNGExample" name="test1" time="0.011"/>
  <testcase classname="TestNg.TestNGExample" name="test2" time="0.005"/>
  <testcase classname="TestNg.TestNg_Attributes" name="Registration" time="0.004"/>
  <testcase classname="TestNg.TestNg_Attributes" name="Homepage" time="0.007"/>
  <testcase classname="TestNg.TestNg_Attributes" name="Login" time="0.0">
    <ignored/>
  </testcase> <!-- Login -->
</testsuite> <!-- Test -->
