<?xml version="1.0" encoding="UTF-8"?>
<!-- Generated by org.testng.reporters.JUnitXMLReporter -->
<testsuite ignored="0" hostname="DESKTOP-0NGEI12" failures="0" tests="4" name="CurrentAccount" time="0.092" errors="0" timestamp="2023-01-20T17:33:38 IST">
  <testcase classname="TestNg.CurrentAcTestcase1" name="test1" time="0.011"/>
  <testcase classname="TestNg.CurrentAcTestcase1" name="test2" time="0.004"/>
  <testcase classname="TestNg.CurrentAcTestcase2" name="test1" time="0.004"/>
  <testcase classname="TestNg.CurrentAcTestcase2" name="test2" time="0.002"/>
</testsuite> <!-- CurrentAccount -->
